Arguments: 
  /Users/chrisjames/.nvm/versions/node/v8.6.0/bin/node /Users/chrisjames/.nvm/versions/node/v8.6.0/bin/yarn dev

PATH: 
  /Users/chrisjames/.rvm/gems/ruby-2.3.3/bin:/Users/chrisjames/.rvm/gems/ruby-2.3.3@global/bin:/Users/chrisjames/.rvm/rubies/ruby-2.3.3/bin:/Users/chrisjames/.nvm/versions/node/v8.6.0/bin:/Users/chrisjames/repos/infrastructure-deploy:/usr/local/bin:/usr/bin:/bin:/usr/sbin:/sbin:/opt/X11/bin:/Library/Frameworks/Mono.framework/Versions/Current/Commands:/Users/chrisjames/.rvm/bin

Yarn version: 
  1.5.1

Node version: 
  8.6.0

Platform: 
  darwin x64

npm manifest: 
  No manifest

yarn manifest: 
  No manifest

Lockfile: 
  No lockfile

Trace: 
  Error: Couldn't find a package.json file in "/Users/chrisjames/repos/pwa-pokedex"
      at new MessageError (/Users/chrisjames/.nvm/versions/node/v8.6.0/lib/node_modules/yarn/lib/cli.js:186:110)
      at /Users/chrisjames/.nvm/versions/node/v8.6.0/lib/node_modules/yarn/lib/cli.js:40048:15
      at Generator.next (<anonymous>)
      at step (/Users/chrisjames/.nvm/versions/node/v8.6.0/lib/node_modules/yarn/lib/cli.js:98:30)
      at /Users/chrisjames/.nvm/versions/node/v8.6.0/lib/node_modules/yarn/lib/cli.js:109:13
      at <anonymous>
